# JRE version: OpenJDK Runtime Environment Temurin-21+35-202309042131 (21.0+35) (build 21-beta+35-ea)
# Java VM: OpenJDK 64-Bit Server VM Temurin-21+35-202309042131 (21-beta+35-ea, mixed mode, emulated-client, sharing, tiered, compressed oops, compressed class ptrs, g1 gc, windows-amd64)
GC Precious Log:
 CardTable entry size: 512
 Card Set container configuration: InlinePtr #cards 5 size 8 Array Of Cards #cards 12 size 40 Howl #buckets 4 coarsen threshold 1843 Howl Bitmap #cards 512 size 80 coarsen threshold 460 Card regions per heap region 1 cards per card region 2048
 CPUs: 8 total, 8 available
 Memory: 7914M
 Large Page Support: Disabled
 NUMA Support: Disabled
 Compressed Oops: Enabled (32-bit)
 Heap Region Size: 1M
 Heap Min Capacity: 8M
 Heap Initial Capacity: 124M
 Heap Max Capacity: 1980M
 Pre-touch: Disabled
 Parallel Workers: 8
 Concurrent Workers: 2
 Concurrent Refinement Workers: 8
 Periodic GC: Disabled
Heap:
 garbage-first heap   total 112640K, used 98480K [0x0000000084400000, 0x0000000100000000)
  region size 1024K, 65 young (66560K), 5 survivors (5120K)
 Metaspace       used 72510K, committed 73536K, reserved 1114112K
  class space    used 9541K, committed 9984K, reserved 1048576K
GC Heap History (20 events):
Event: 12477.244 GC heap after
{Heap after GC invocations=153 (full 19):
 garbage-first heap   total 165888K, used 39031K [0x0000000084400000, 0x0000000100000000)
  region size 1024K, 2 young (2048K), 2 survivors (2048K)
 Metaspace       used 71884K, committed 72896K, reserved 1114112K
  class space    used 9458K, committed 9920K, reserved 1048576K
}
Event: 12491.378 GC heap before
{Heap before GC invocations=153 (full 19):
 garbage-first heap   total 165888K, used 44151K [0x0000000084400000, 0x0000000100000000)
  region size 1024K, 8 young (8192K), 2 survivors (2048K)
 Metaspace       used 71887K, committed 72896K, reserved 1114112K
  class space    used 9459K, committed 9920K, reserved 1048576K
}
Event: 12491.417 GC heap after
{Heap after GC invocations=154 (full 20):
 garbage-first heap   total 116736K, used 32375K [0x0000000084400000, 0x0000000100000000)
  region size 1024K, 0 young (0K), 0 survivors (0K)
 Metaspace       used 71879K, committed 72896K, reserved 1114112K
  class space    used 9457K, committed 9920K, reserved 1048576K
}
Event: 12491.859 GC heap before
{Heap before GC invocations=154 (full 20):
 garbage-first heap   total 116736K, used 100983K [0x0000000084400000, 0x0000000100000000)
  region size 1024K, 68 young (69632K), 0 survivors (0K)
 Metaspace       used 72059K, committed 73088K, reserved 1114112K
  class space    used 9479K, committed 9920K, reserved 1048576K
}
Event: 12491.864 GC heap after
{Heap after GC invocations=155 (full 20):
 garbage-first heap   total 116736K, used 38621K [0x0000000084400000, 0x0000000100000000)
  region size 1024K, 7 young (7168K), 7 survivors (7168K)
 Metaspace       used 72059K, committed 73088K, reserved 1114112K
  class space    used 9479K, committed 9920K, reserved 1048576K
}
Event: 12491.960 GC heap before
{Heap before GC invocations=156 (full 20):
 garbage-first heap   total 126976K, used 98013K [0x0000000084400000, 0x0000000100000000)
  region size 1024K, 66 young (67584K), 7 survivors (7168K)
 Metaspace       used 72059K, committed 73088K, reserved 1114112K
  class space    used 9479K, committed 9920K, reserved 1048576K
}
Event: 12491.964 GC heap after
{Heap after GC invocations=157 (full 20):
 garbage-first heap   total 126976K, used 41788K [0x0000000084400000, 0x0000000100000000)
  region size 1024K, 5 young (5120K), 5 survivors (5120K)
 Metaspace       used 72059K, committed 73088K, reserved 1114112K
  class space    used 9479K, committed 9920K, reserved 1048576K
}
Event: 12525.317 GC heap before
{Heap before GC invocations=157 (full 20):
 garbage-first heap   total 126976K, used 101180K [0x0000000084400000, 0x0000000100000000)
  region size 1024K, 65 young (66560K), 5 survivors (5120K)
 Metaspace       used 72091K, committed 73088K, reserved 1114112K
  class space    used 9485K, committed 9920K, reserved 1048576K
}
Event: 12525.354 GC heap after
{Heap after GC invocations=158 (full 21):
 garbage-first heap   total 112640K, used 32505K [0x0000000084400000, 0x0000000100000000)
  region size 1024K, 0 young (0K), 0 survivors (0K)
 Metaspace       used 72084K, committed 73088K, reserved 1114112K
  class space    used 9484K, committed 9920K, reserved 1048576K
}
Event: 12525.797 GC heap before
{Heap before GC invocations=158 (full 21):
 garbage-first heap   total 112640K, used 97017K [0x0000000084400000, 0x0000000100000000)
  region size 1024K, 64 young (65536K), 0 survivors (0K)
 Metaspace       used 72284K, committed 73344K, reserved 1114112K
  class space    used 9511K, committed 9984K, reserved 1048576K
}
Event: 12525.801 GC heap after
{Heap after GC invocations=159 (full 21):
 garbage-first heap   total 112640K, used 37625K [0x0000000084400000, 0x0000000100000000)
  region size 1024K, 5 young (5120K), 5 survivors (5120K)
 Metaspace       used 72284K, committed 73344K, reserved 1114112K
  class space    used 9511K, committed 9984K, reserved 1048576K
}
Event: 12525.901 GC heap before
{Heap before GC invocations=160 (full 21):
 garbage-first heap   total 112640K, used 98041K [0x0000000084400000, 0x0000000100000000)
  region size 1024K, 65 young (66560K), 5 survivors (5120K)
 Metaspace       used 72284K, committed 73344K, reserved 1114112K
  class space    used 9511K, committed 9984K, reserved 1048576K
}
Event: 12525.905 GC heap after
{Heap after GC invocations=161 (full 21):
 garbage-first heap   total 112640K, used 40767K [0x0000000084400000, 0x0000000100000000)
  region size 1024K, 4 young (4096K), 4 survivors (4096K)
 Metaspace       used 72284K, committed 73344K, reserved 1114112K
  class space    used 9511K, committed 9984K, reserved 1048576K
}
Event: 12547.302 GC heap before
{Heap before GC invocations=161 (full 21):
 garbage-first heap   total 112640K, used 98111K [0x0000000084400000, 0x0000000100000000)
  region size 1024K, 61 young (62464K), 4 survivors (4096K)
 Metaspace       used 72307K, committed 73344K, reserved 1114112K
  class space    used 9514K, committed 9984K, reserved 1048576K
}
Event: 12547.307 GC heap after
{Heap after GC invocations=162 (full 21):
 garbage-first heap   total 112640K, used 39231K [0x0000000084400000, 0x0000000100000000)
  region size 1024K, 3 young (3072K), 3 survivors (3072K)
 Metaspace       used 72307K, committed 73344K, reserved 1114112K
  class space    used 9514K, committed 9984K, reserved 1048576K
}
Event: 12552.091 GC heap before
{Heap before GC invocations=162 (full 21):
 garbage-first heap   total 112640K, used 41279K [0x0000000084400000, 0x0000000100000000)
  region size 1024K, 6 young (6144K), 3 survivors (3072K)
 Metaspace       used 72311K, committed 73344K, reserved 1114112K
  class space    used 9515K, committed 9984K, reserved 1048576K
}
Event: 12552.131 GC heap after
{Heap after GC invocations=163 (full 22):
 garbage-first heap   total 112640K, used 32575K [0x0000000084400000, 0x0000000100000000)
  region size 1024K, 0 young (0K), 0 survivors (0K)
 Metaspace       used 72305K, committed 73344K, reserved 1114112K
  class space    used 9514K, committed 9984K, reserved 1048576K
}
Event: 12586.748 GC heap before
{Heap before GC invocations=163 (full 22):
 garbage-first heap   total 112640K, used 97087K [0x0000000084400000, 0x0000000100000000)
  region size 1024K, 64 young (65536K), 0 survivors (0K)
 Metaspace       used 72510K, committed 73536K, reserved 1114112K
  class space    used 9541K, committed 9984K, reserved 1048576K
}
Event: 12586.753 GC heap after
{Heap after GC invocations=164 (full 22):
 garbage-first heap   total 112640K, used 37040K [0x0000000084400000, 0x0000000100000000)
  region size 1024K, 5 young (5120K), 5 survivors (5120K)
 Metaspace       used 72510K, committed 73536K, reserved 1114112K
  class space    used 9541K, committed 9984K, reserved 1048576K
}
Event: 12827.123 GC heap before
{Heap before GC invocations=165 (full 22):
 garbage-first heap   total 112640K, used 98480K [0x0000000084400000, 0x0000000100000000)
  region size 1024K, 65 young (66560K), 5 survivors (5120K)
 Metaspace       used 72510K, committed 73536K, reserved 1114112K
  class space    used 9541K, committed 9984K, reserved 1048576K
}

