# JRE version: OpenJDK Runtime Environment Temurin-21+35-202309042131 (21.0+35) (build 21-beta+35-ea)
# Java VM: OpenJDK 64-Bit Server VM Temurin-21+35-202309042131 (21-beta+35-ea, mixed mode, emulated-client, sharing, tiered, compressed oops, compressed class ptrs, g1 gc, windows-amd64)
GC Precious Log:
 CardTable entry size: 512
 Card Set container configuration: InlinePtr #cards 5 size 8 Array Of Cards #cards 12 size 40 Howl #buckets 4 coarsen threshold 1843 Howl Bitmap #cards 512 size 80 coarsen threshold 460 Card regions per heap region 1 cards per card region 2048
 CPUs: 8 total, 8 available
 Memory: 7914M
 Large Page Support: Disabled
 NUMA Support: Disabled
 Compressed Oops: Enabled (32-bit)
 Heap Region Size: 1M
 Heap Min Capacity: 8M
 Heap Initial Capacity: 124M
 Heap Max Capacity: 1980M
 Pre-touch: Disabled
 Parallel Workers: 8
 Concurrent Workers: 2
 Concurrent Refinement Workers: 8
 Periodic GC: Disabled
Heap:
 garbage-first heap   total 86016K, used 55499K [0x0000000084400000, 0x0000000100000000)
  region size 1024K, 33 young (33792K), 0 survivors (0K)
 Metaspace       used 50918K, committed 52416K, reserved 1114112K
  class space    used 6530K, committed 7168K, reserved 1048576K
GC Heap History (20 events):
Event: 1402.728 GC heap before
{Heap before GC invocations=33 (full 4):
 garbage-first heap   total 86016K, used 68828K [0x0000000084400000, 0x0000000100000000)
  region size 1024K, 45 young (46080K), 0 survivors (0K)
 Metaspace       used 50903K, committed 52416K, reserved 1114112K
  class space    used 6542K, committed 7168K, reserved 1048576K
}
Event: 1402.731 GC heap after
{Heap after GC invocations=34 (full 4):
 garbage-first heap   total 86016K, used 28426K [0x0000000084400000, 0x0000000100000000)
  region size 1024K, 5 young (5120K), 5 survivors (5120K)
 Metaspace       used 50903K, committed 52416K, reserved 1114112K
  class space    used 6542K, committed 7168K, reserved 1048576K
}
Event: 1406.254 GC heap before
{Heap before GC invocations=35 (full 4):
 garbage-first heap   total 86016K, used 31498K [0x0000000084400000, 0x0000000100000000)
  region size 1024K, 9 young (9216K), 5 survivors (5120K)
 Metaspace       used 50778K, committed 52416K, reserved 1114112K
  class space    used 6510K, committed 7168K, reserved 1048576K
}
Event: 1406.278 GC heap after
{Heap after GC invocations=36 (full 5):
 garbage-first heap   total 86016K, used 23682K [0x0000000084400000, 0x0000000100000000)
  region size 1024K, 0 young (0K), 0 survivors (0K)
 Metaspace       used 50776K, committed 52416K, reserved 1114112K
  class space    used 6509K, committed 7168K, reserved 1048576K
}
Event: 1406.579 GC heap before
{Heap before GC invocations=36 (full 5):
 garbage-first heap   total 86016K, used 68738K [0x0000000084400000, 0x0000000100000000)
  region size 1024K, 45 young (46080K), 0 survivors (0K)
 Metaspace       used 50810K, committed 52416K, reserved 1114112K
  class space    used 6514K, committed 7168K, reserved 1048576K
}
Event: 1406.582 GC heap after
{Heap after GC invocations=37 (full 5):
 garbage-first heap   total 86016K, used 28430K [0x0000000084400000, 0x0000000100000000)
  region size 1024K, 5 young (5120K), 5 survivors (5120K)
 Metaspace       used 50810K, committed 52416K, reserved 1114112K
  class space    used 6514K, committed 7168K, reserved 1048576K
}
Event: 1433.637 GC heap before
{Heap before GC invocations=38 (full 5):
 garbage-first heap   total 86016K, used 32526K [0x0000000084400000, 0x0000000100000000)
  region size 1024K, 10 young (10240K), 5 survivors (5120K)
 Metaspace       used 50813K, committed 52416K, reserved 1114112K
  class space    used 6515K, committed 7168K, reserved 1048576K
}
Event: 1433.661 GC heap after
{Heap after GC invocations=39 (full 6):
 garbage-first heap   total 86016K, used 23716K [0x0000000084400000, 0x0000000100000000)
  region size 1024K, 0 young (0K), 0 survivors (0K)
 Metaspace       used 50810K, committed 52416K, reserved 1114112K
  class space    used 6514K, committed 7168K, reserved 1048576K
}
Event: 1433.961 GC heap before
{Heap before GC invocations=39 (full 6):
 garbage-first heap   total 86016K, used 68772K [0x0000000084400000, 0x0000000100000000)
  region size 1024K, 45 young (46080K), 0 survivors (0K)
 Metaspace       used 50835K, committed 52416K, reserved 1114112K
  class space    used 6517K, committed 7168K, reserved 1048576K
}
Event: 1433.964 GC heap after
{Heap after GC invocations=40 (full 6):
 garbage-first heap   total 86016K, used 28279K [0x0000000084400000, 0x0000000100000000)
  region size 1024K, 5 young (5120K), 5 survivors (5120K)
 Metaspace       used 50835K, committed 52416K, reserved 1114112K
  class space    used 6517K, committed 7168K, reserved 1048576K
}
Event: 1482.513 GC heap before
{Heap before GC invocations=41 (full 6):
 garbage-first heap   total 86016K, used 34423K [0x0000000084400000, 0x0000000100000000)
  region size 1024K, 12 young (12288K), 5 survivors (5120K)
 Metaspace       used 50842K, committed 52416K, reserved 1114112K
  class space    used 6519K, committed 7168K, reserved 1048576K
}
Event: 1482.537 GC heap after
{Heap after GC invocations=42 (full 7):
 garbage-first heap   total 86016K, used 23764K [0x0000000084400000, 0x0000000100000000)
  region size 1024K, 0 young (0K), 0 survivors (0K)
 Metaspace       used 50839K, committed 52416K, reserved 1114112K
  class space    used 6518K, committed 7168K, reserved 1048576K
}
Event: 1482.832 GC heap before
{Heap before GC invocations=42 (full 7):
 garbage-first heap   total 86016K, used 69844K [0x0000000084400000, 0x0000000100000000)
  region size 1024K, 46 young (47104K), 0 survivors (0K)
 Metaspace       used 50863K, committed 52416K, reserved 1114112K
  class space    used 6521K, committed 7168K, reserved 1048576K
}
Event: 1482.835 GC heap after
{Heap after GC invocations=43 (full 7):
 garbage-first heap   total 86016K, used 28138K [0x0000000084400000, 0x0000000100000000)
  region size 1024K, 5 young (5120K), 5 survivors (5120K)
 Metaspace       used 50863K, committed 52416K, reserved 1114112K
  class space    used 6521K, committed 7168K, reserved 1048576K
}
Event: 1561.104 GC heap before
{Heap before GC invocations=44 (full 7):
 garbage-first heap   total 86016K, used 34282K [0x0000000084400000, 0x0000000100000000)
  region size 1024K, 12 young (12288K), 5 survivors (5120K)
 Metaspace       used 50866K, committed 52416K, reserved 1114112K
  class space    used 6522K, committed 7168K, reserved 1048576K
}
Event: 1561.127 GC heap after
{Heap after GC invocations=45 (full 8):
 garbage-first heap   total 86016K, used 23766K [0x0000000084400000, 0x0000000100000000)
  region size 1024K, 0 young (0K), 0 survivors (0K)
 Metaspace       used 50863K, committed 52416K, reserved 1114112K
  class space    used 6521K, committed 7168K, reserved 1048576K
}
Event: 1561.419 GC heap before
{Heap before GC invocations=45 (full 8):
 garbage-first heap   total 86016K, used 68822K [0x0000000084400000, 0x0000000100000000)
  region size 1024K, 45 young (46080K), 0 survivors (0K)
 Metaspace       used 50888K, committed 52416K, reserved 1114112K
  class space    used 6524K, committed 7168K, reserved 1048576K
}
Event: 1561.422 GC heap after
{Heap after GC invocations=46 (full 8):
 garbage-first heap   total 86016K, used 28391K [0x0000000084400000, 0x0000000100000000)
  region size 1024K, 5 young (5120K), 5 survivors (5120K)
 Metaspace       used 50888K, committed 52416K, reserved 1114112K
  class space    used 6524K, committed 7168K, reserved 1048576K
}
Event: 1954.090 GC heap before
{Heap before GC invocations=47 (full 8):
 garbage-first heap   total 86016K, used 49895K [0x0000000084400000, 0x0000000100000000)
  region size 1024K, 27 young (27648K), 5 survivors (5120K)
 Metaspace       used 50901K, committed 52416K, reserved 1114112K
  class space    used 6526K, committed 7168K, reserved 1048576K
}
Event: 1954.113 GC heap after
{Heap after GC invocations=48 (full 9):
 garbage-first heap   total 86016K, used 23755K [0x0000000084400000, 0x0000000100000000)
  region size 1024K, 0 young (0K), 0 survivors (0K)
 Metaspace       used 50898K, committed 52416K, reserved 1114112K
  class space    used 6525K, committed 7168K, reserved 1048576K
}

