# JRE version: OpenJDK Runtime Environment Temurin-21+35-202309042131 (21.0+35) (build 21-beta+35-ea)
# Java VM: OpenJDK 64-Bit Server VM Temurin-21+35-202309042131 (21-beta+35-ea, mixed mode, emulated-client, sharing, tiered, compressed oops, compressed class ptrs, g1 gc, windows-amd64)
GC Precious Log:
 CardTable entry size: 512
 Card Set container configuration: InlinePtr #cards 5 size 8 Array Of Cards #cards 12 size 40 Howl #buckets 4 coarsen threshold 1843 Howl Bitmap #cards 512 size 80 coarsen threshold 460 Card regions per heap region 1 cards per card region 2048
 CPUs: 8 total, 8 available
 Memory: 7914M
 Large Page Support: Disabled
 NUMA Support: Disabled
 Compressed Oops: Enabled (32-bit)
 Heap Region Size: 1M
 Heap Min Capacity: 8M
 Heap Initial Capacity: 124M
 Heap Max Capacity: 1980M
 Pre-touch: Disabled
 Parallel Workers: 8
 Concurrent Workers: 2
 Concurrent Refinement Workers: 8
 Periodic GC: Disabled
Heap:
 garbage-first heap   total 69632K, used 30189K [0x0000000084400000, 0x0000000100000000)
  region size 1024K, 8 young (8192K), 4 survivors (4096K)
 Metaspace       used 47564K, committed 48128K, reserved 1114112K
  class space    used 6216K, committed 6464K, reserved 1048576K
GC Heap History (20 events):
Event: 1.616 GC heap before
{Heap before GC invocations=6 (full 0):
 garbage-first heap   total 45056K, used 33046K [0x0000000084400000, 0x0000000100000000)
  region size 1024K, 23 young (23552K), 2 survivors (2048K)
 Metaspace       used 21130K, committed 21504K, reserved 1114112K
  class space    used 2701K, committed 2880K, reserved 1048576K
}
Event: 1.617 GC heap after
{Heap after GC invocations=7 (full 0):
 garbage-first heap   total 57344K, used 13251K [0x0000000084400000, 0x0000000100000000)
  region size 1024K, 2 young (2048K), 2 survivors (2048K)
 Metaspace       used 21130K, committed 21504K, reserved 1114112K
  class space    used 2701K, committed 2880K, reserved 1048576K
}
Event: 1.725 GC heap before
{Heap before GC invocations=7 (full 0):
 garbage-first heap   total 57344K, used 44995K [0x0000000084400000, 0x0000000100000000)
  region size 1024K, 33 young (33792K), 2 survivors (2048K)
 Metaspace       used 24053K, committed 24384K, reserved 1114112K
  class space    used 3071K, committed 3200K, reserved 1048576K
}
Event: 1.727 GC heap after
{Heap after GC invocations=8 (full 0):
 garbage-first heap   total 57344K, used 14309K [0x0000000084400000, 0x0000000100000000)
  region size 1024K, 3 young (3072K), 3 survivors (3072K)
 Metaspace       used 24053K, committed 24384K, reserved 1114112K
  class space    used 3071K, committed 3200K, reserved 1048576K
}
Event: 1.832 GC heap before
{Heap before GC invocations=8 (full 0):
 garbage-first heap   total 57344K, used 45029K [0x0000000084400000, 0x0000000100000000)
  region size 1024K, 33 young (33792K), 3 survivors (3072K)
 Metaspace       used 26344K, committed 26752K, reserved 1114112K
  class space    used 3379K, committed 3584K, reserved 1048576K
}
Event: 1.834 GC heap after
{Heap after GC invocations=9 (full 0):
 garbage-first heap   total 57344K, used 15633K [0x0000000084400000, 0x0000000100000000)
  region size 1024K, 4 young (4096K), 4 survivors (4096K)
 Metaspace       used 26344K, committed 26752K, reserved 1114112K
  class space    used 3379K, committed 3584K, reserved 1048576K
}
Event: 2.122 GC heap before
{Heap before GC invocations=9 (full 0):
 garbage-first heap   total 57344K, used 44305K [0x0000000084400000, 0x0000000100000000)
  region size 1024K, 33 young (33792K), 4 survivors (4096K)
 Metaspace       used 27624K, committed 28032K, reserved 1114112K
  class space    used 3584K, committed 3776K, reserved 1048576K
}
Event: 2.125 GC heap after
{Heap after GC invocations=10 (full 0):
 garbage-first heap   total 57344K, used 17592K [0x0000000084400000, 0x0000000100000000)
  region size 1024K, 5 young (5120K), 5 survivors (5120K)
 Metaspace       used 27624K, committed 28032K, reserved 1114112K
  class space    used 3584K, committed 3776K, reserved 1048576K
}
Event: 2.256 GC heap before
{Heap before GC invocations=10 (full 0):
 garbage-first heap   total 57344K, used 35000K [0x0000000084400000, 0x0000000100000000)
  region size 1024K, 24 young (24576K), 5 survivors (5120K)
 Metaspace       used 28758K, committed 29120K, reserved 1114112K
  class space    used 3741K, committed 3904K, reserved 1048576K
}
Event: 2.261 GC heap after
{Heap after GC invocations=11 (full 0):
 garbage-first heap   total 69632K, used 17847K [0x0000000084400000, 0x0000000100000000)
  region size 1024K, 3 young (3072K), 3 survivors (3072K)
 Metaspace       used 28758K, committed 29120K, reserved 1114112K
  class space    used 3741K, committed 3904K, reserved 1048576K
}
Event: 2.584 GC heap before
{Heap before GC invocations=12 (full 0):
 garbage-first heap   total 69632K, used 55735K [0x0000000084400000, 0x0000000100000000)
  region size 1024K, 40 young (40960K), 3 survivors (3072K)
 Metaspace       used 31396K, committed 31936K, reserved 1114112K
  class space    used 4126K, committed 4352K, reserved 1048576K
}
Event: 2.587 GC heap after
{Heap after GC invocations=13 (full 0):
 garbage-first heap   total 69632K, used 19135K [0x0000000084400000, 0x0000000100000000)
  region size 1024K, 4 young (4096K), 4 survivors (4096K)
 Metaspace       used 31396K, committed 31936K, reserved 1114112K
  class space    used 4126K, committed 4352K, reserved 1048576K
}
Event: 2.900 GC heap before
{Heap before GC invocations=13 (full 0):
 garbage-first heap   total 69632K, used 55999K [0x0000000084400000, 0x0000000100000000)
  region size 1024K, 40 young (40960K), 4 survivors (4096K)
 Metaspace       used 34221K, committed 34816K, reserved 1114112K
  class space    used 4605K, committed 4864K, reserved 1048576K
}
Event: 2.905 GC heap after
{Heap after GC invocations=14 (full 0):
 garbage-first heap   total 69632K, used 21268K [0x0000000084400000, 0x0000000100000000)
  region size 1024K, 5 young (5120K), 5 survivors (5120K)
 Metaspace       used 34221K, committed 34816K, reserved 1114112K
  class space    used 4605K, committed 4864K, reserved 1048576K
}
Event: 3.205 GC heap before
{Heap before GC invocations=14 (full 0):
 garbage-first heap   total 69632K, used 57108K [0x0000000084400000, 0x0000000100000000)
  region size 1024K, 40 young (40960K), 5 survivors (5120K)
 Metaspace       used 36516K, committed 37056K, reserved 1114112K
  class space    used 4856K, committed 5056K, reserved 1048576K
}
Event: 3.211 GC heap after
{Heap after GC invocations=15 (full 0):
 garbage-first heap   total 69632K, used 23007K [0x0000000084400000, 0x0000000100000000)
  region size 1024K, 5 young (5120K), 5 survivors (5120K)
 Metaspace       used 36516K, committed 37056K, reserved 1114112K
  class space    used 4856K, committed 5056K, reserved 1048576K
}
Event: 3.647 GC heap before
{Heap before GC invocations=15 (full 0):
 garbage-first heap   total 69632K, used 58847K [0x0000000084400000, 0x0000000100000000)
  region size 1024K, 40 young (40960K), 5 survivors (5120K)
 Metaspace       used 42777K, committed 43392K, reserved 1114112K
  class space    used 5585K, committed 5888K, reserved 1048576K
}
Event: 3.651 GC heap after
{Heap after GC invocations=16 (full 0):
 garbage-first heap   total 69632K, used 25259K [0x0000000084400000, 0x0000000100000000)
  region size 1024K, 4 young (4096K), 4 survivors (4096K)
 Metaspace       used 42777K, committed 43392K, reserved 1114112K
  class space    used 5585K, committed 5888K, reserved 1048576K
}
Event: 4.024 GC heap before
{Heap before GC invocations=16 (full 0):
 garbage-first heap   total 69632K, used 61099K [0x0000000084400000, 0x0000000100000000)
  region size 1024K, 39 young (39936K), 4 survivors (4096K)
 Metaspace       used 47488K, committed 48064K, reserved 1114112K
  class space    used 6206K, committed 6464K, reserved 1048576K
}
Event: 4.027 GC heap after
{Heap after GC invocations=17 (full 0):
 garbage-first heap   total 69632K, used 27117K [0x0000000084400000, 0x0000000100000000)
  region size 1024K, 4 young (4096K), 4 survivors (4096K)
 Metaspace       used 47488K, committed 48064K, reserved 1114112K
  class space    used 6206K, committed 6464K, reserved 1048576K
}

