# JRE version: OpenJDK Runtime Environment Temurin-21+35-202309042131 (21.0+35) (build 21-beta+35-ea)
# Java VM: OpenJDK 64-Bit Server VM Temurin-21+35-202309042131 (21-beta+35-ea, mixed mode, emulated-client, sharing, tiered, compressed oops, compressed class ptrs, g1 gc, windows-amd64)
GC Precious Log:
 CardTable entry size: 512
 Card Set container configuration: InlinePtr #cards 5 size 8 Array Of Cards #cards 12 size 40 Howl #buckets 4 coarsen threshold 1843 Howl Bitmap #cards 512 size 80 coarsen threshold 460 Card regions per heap region 1 cards per card region 2048
 CPUs: 8 total, 8 available
 Memory: 7914M
 Large Page Support: Disabled
 NUMA Support: Disabled
 Compressed Oops: Enabled (32-bit)
 Heap Region Size: 1M
 Heap Min Capacity: 8M
 Heap Initial Capacity: 124M
 Heap Max Capacity: 1980M
 Pre-touch: Disabled
 Parallel Workers: 8
 Concurrent Workers: 2
 Concurrent Refinement Workers: 8
 Periodic GC: Disabled
Heap:
 garbage-first heap   total 119808K, used 102076K [0x0000000084400000, 0x0000000100000000)
  region size 1024K, 72 young (73728K), 5 survivors (5120K)
 Metaspace       used 73557K, committed 74880K, reserved 1114112K
  class space    used 9687K, committed 10368K, reserved 1048576K
GC Heap History (20 events):
Event: 16370.662 GC heap after
{Heap after GC invocations=192 (full 19):
 garbage-first heap   total 137216K, used 47778K [0x0000000084400000, 0x0000000100000000)
  region size 1024K, 6 young (6144K), 6 survivors (6144K)
 Metaspace       used 72832K, committed 74816K, reserved 1114112K
  class space    used 9592K, committed 10368K, reserved 1048576K
}
Event: 16399.556 GC heap before
{Heap before GC invocations=192 (full 19):
 garbage-first heap   total 137216K, used 117410K [0x0000000084400000, 0x0000000100000000)
  region size 1024K, 75 young (76800K), 6 survivors (6144K)
 Metaspace       used 72929K, committed 74816K, reserved 1114112K
  class space    used 9614K, committed 10368K, reserved 1048576K
}
Event: 16399.563 GC heap after
{Heap after GC invocations=193 (full 19):
 garbage-first heap   total 137216K, used 46464K [0x0000000084400000, 0x0000000100000000)
  region size 1024K, 4 young (4096K), 4 survivors (4096K)
 Metaspace       used 72929K, committed 74816K, reserved 1114112K
  class space    used 9614K, committed 10368K, reserved 1048576K
}
Event: 16402.979 GC heap before
{Heap before GC invocations=193 (full 19):
 garbage-first heap   total 137216K, used 50560K [0x0000000084400000, 0x0000000100000000)
  region size 1024K, 9 young (9216K), 4 survivors (4096K)
 Metaspace       used 72932K, committed 74816K, reserved 1114112K
  class space    used 9614K, committed 10368K, reserved 1048576K
}
Event: 16403.027 GC heap after
{Heap after GC invocations=194 (full 20):
 garbage-first heap   total 116736K, used 33150K [0x0000000084400000, 0x0000000100000000)
  region size 1024K, 0 young (0K), 0 survivors (0K)
 Metaspace       used 72841K, committed 74816K, reserved 1114112K
  class space    used 9592K, committed 10368K, reserved 1048576K
}
Event: 16403.663 GC heap before
{Heap before GC invocations=194 (full 20):
 garbage-first heap   total 116736K, used 100734K [0x0000000084400000, 0x0000000100000000)
  region size 1024K, 67 young (68608K), 0 survivors (0K)
 Metaspace       used 73068K, committed 74816K, reserved 1114112K
  class space    used 9622K, committed 10368K, reserved 1048576K
}
Event: 16403.667 GC heap after
{Heap after GC invocations=195 (full 20):
 garbage-first heap   total 160768K, used 38357K [0x0000000084400000, 0x0000000100000000)
  region size 1024K, 6 young (6144K), 6 survivors (6144K)
 Metaspace       used 73068K, committed 74816K, reserved 1114112K
  class space    used 9622K, committed 10368K, reserved 1048576K
}
Event: 16403.792 GC heap before
{Heap before GC invocations=196 (full 20):
 garbage-first heap   total 160768K, used 127445K [0x0000000084400000, 0x0000000100000000)
  region size 1024K, 94 young (96256K), 6 survivors (6144K)
 Metaspace       used 73068K, committed 74816K, reserved 1114112K
  class space    used 9622K, committed 10368K, reserved 1048576K
}
Event: 16403.799 GC heap after
{Heap after GC invocations=197 (full 20):
 garbage-first heap   total 160768K, used 47791K [0x0000000084400000, 0x0000000100000000)
  region size 1024K, 12 young (12288K), 12 survivors (12288K)
 Metaspace       used 73068K, committed 74816K, reserved 1114112K
  class space    used 9622K, committed 10368K, reserved 1048576K
}
Event: 16435.083 GC heap before
{Heap before GC invocations=197 (full 20):
 garbage-first heap   total 160768K, used 102063K [0x0000000084400000, 0x0000000100000000)
  region size 1024K, 66 young (67584K), 12 survivors (12288K)
 Metaspace       used 73093K, committed 74816K, reserved 1114112K
  class space    used 9626K, committed 10368K, reserved 1048576K
}
Event: 16435.124 GC heap after
{Heap after GC invocations=198 (full 21):
 garbage-first heap   total 119808K, used 33532K [0x0000000084400000, 0x0000000100000000)
  region size 1024K, 0 young (0K), 0 survivors (0K)
 Metaspace       used 73087K, committed 74816K, reserved 1114112K
  class space    used 9625K, committed 10368K, reserved 1048576K
}
Event: 16435.543 GC heap before
{Heap before GC invocations=198 (full 21):
 garbage-first heap   total 119808K, used 97020K [0x0000000084400000, 0x0000000100000000)
  region size 1024K, 63 young (64512K), 0 survivors (0K)
 Metaspace       used 73304K, committed 74816K, reserved 1114112K
  class space    used 9653K, committed 10368K, reserved 1048576K
}
Event: 16435.547 GC heap after
{Heap after GC invocations=199 (full 21):
 garbage-first heap   total 119808K, used 38652K [0x0000000084400000, 0x0000000100000000)
  region size 1024K, 5 young (5120K), 5 survivors (5120K)
 Metaspace       used 73304K, committed 74816K, reserved 1114112K
  class space    used 9653K, committed 10368K, reserved 1048576K
}
Event: 16435.659 GC heap before
{Heap before GC invocations=200 (full 21):
 garbage-first heap   total 119808K, used 99068K [0x0000000084400000, 0x0000000100000000)
  region size 1024K, 65 young (66560K), 5 survivors (5120K)
 Metaspace       used 73320K, committed 74816K, reserved 1114112K
  class space    used 9656K, committed 10368K, reserved 1048576K
}
Event: 16435.662 GC heap after
{Heap after GC invocations=201 (full 21):
 garbage-first heap   total 119808K, used 40573K [0x0000000084400000, 0x0000000100000000)
  region size 1024K, 7 young (7168K), 7 survivors (7168K)
 Metaspace       used 73320K, committed 74816K, reserved 1114112K
  class space    used 9656K, committed 10368K, reserved 1048576K
}
Event: 16441.522 GC heap before
{Heap before GC invocations=201 (full 21):
 garbage-first heap   total 119808K, used 100989K [0x0000000084400000, 0x0000000100000000)
  region size 1024K, 67 young (68608K), 7 survivors (7168K)
 Metaspace       used 73343K, committed 74816K, reserved 1114112K
  class space    used 9660K, committed 10368K, reserved 1048576K
}
Event: 16441.525 GC heap after
{Heap after GC invocations=202 (full 21):
 garbage-first heap   total 119808K, used 39619K [0x0000000084400000, 0x0000000100000000)
  region size 1024K, 3 young (3072K), 3 survivors (3072K)
 Metaspace       used 73343K, committed 74816K, reserved 1114112K
  class space    used 9660K, committed 10368K, reserved 1048576K
}
Event: 16458.781 GC heap before
{Heap before GC invocations=202 (full 21):
 garbage-first heap   total 119808K, used 56003K [0x0000000084400000, 0x0000000100000000)
  region size 1024K, 20 young (20480K), 3 survivors (3072K)
 Metaspace       used 73346K, committed 74816K, reserved 1114112K
  class space    used 9660K, committed 10368K, reserved 1048576K
}
Event: 16458.821 GC heap after
{Heap after GC invocations=203 (full 22):
 garbage-first heap   total 119808K, used 33468K [0x0000000084400000, 0x0000000100000000)
  region size 1024K, 0 young (0K), 0 survivors (0K)
 Metaspace       used 73340K, committed 74816K, reserved 1114112K
  class space    used 9659K, committed 10368K, reserved 1048576K
}
Event: 16468.812 GC heap before
{Heap before GC invocations=203 (full 22):
 garbage-first heap   total 119808K, used 101052K [0x0000000084400000, 0x0000000100000000)
  region size 1024K, 67 young (68608K), 0 survivors (0K)
 Metaspace       used 73557K, committed 74880K, reserved 1114112K
  class space    used 9687K, committed 10368K, reserved 1048576K
}

